  [1m[35m (207.1ms)[0m  [1m[35mCREATE DATABASE "ninety_nine_cats_development" ENCODING = 'unicode'[0m
  [1m[35m (58.9ms)[0m  [1m[35mCREATE DATABASE "ninety_nine_cats_test" ENCODING = 'unicode'[0m
  [1m[35m (13.2ms)[0m  [1m[35mCREATE TABLE "schema_migrations" ("version" character varying NOT NULL PRIMARY KEY)[0m
  [1m[35m (7.1ms)[0m  [1m[35mCREATE TABLE "ar_internal_metadata" ("key" character varying NOT NULL PRIMARY KEY, "value" character varying, "created_at" timestamp(6) NOT NULL, "updated_at" timestamp(6) NOT NULL)[0m
  [1m[35m (0.6ms)[0m  [1m[34mSELECT pg_try_advisory_lock(723150122408807205)[0m
  [1m[36mActiveRecord::SchemaMigration Pluck (0.4ms)[0m  [1m[34mSELECT "schema_migrations"."version" FROM "schema_migrations" ORDER BY "schema_migrations"."version" ASC[0m
Migrating to CreateCats (20220826174317)
  [1m[36mTRANSACTION (0.2ms)[0m  [1m[35mBEGIN[0m
  [1m[35m (5.1ms)[0m  [1m[35mCREATE TABLE "cats" ("id" bigserial primary key, "birthdate" date NOT NULL, "color" character varying NOT NULL, "name" character varying NOT NULL, "sex" character varying(1) NOT NULL, "description" text, "created_at" timestamp(6) NOT NULL, "updated_at" timestamp(6) NOT NULL)[0m
  [1m[36mActiveRecord::SchemaMigration Create (0.7ms)[0m  [1m[32mINSERT INTO "schema_migrations" ("version") VALUES ($1) RETURNING "version"[0m  [["version", "20220826174317"]]
  [1m[36mTRANSACTION (0.3ms)[0m  [1m[35mCOMMIT[0m
  [1m[36mActiveRecord::InternalMetadata Load (0.3ms)[0m  [1m[34mSELECT "ar_internal_metadata".* FROM "ar_internal_metadata" WHERE "ar_internal_metadata"."key" = $1 LIMIT $2[0m  [["key", "environment"], ["LIMIT", 1]]
  [1m[36mTRANSACTION (0.1ms)[0m  [1m[35mBEGIN[0m
  [1m[36mActiveRecord::InternalMetadata Create (1.0ms)[0m  [1m[32mINSERT INTO "ar_internal_metadata" ("key", "value", "created_at", "updated_at") VALUES ($1, $2, $3, $4) RETURNING "key"[0m  [["key", "environment"], ["value", "development"], ["created_at", "2022-08-26 17:46:22.064277"], ["updated_at", "2022-08-26 17:46:22.064277"]]
  [1m[36mTRANSACTION (0.3ms)[0m  [1m[35mCOMMIT[0m
  [1m[35m (0.2ms)[0m  [1m[34mSELECT pg_advisory_unlock(723150122408807205)[0m
  [1m[36mActiveRecord::SchemaMigration Pluck (0.4ms)[0m  [1m[34mSELECT "schema_migrations"."version" FROM "schema_migrations" ORDER BY "schema_migrations"."version" ASC[0m
  [1m[36mTRANSACTION (3.1ms)[0m  [1m[35mBEGIN[0m
  [1m[36mCat Create (1.0ms)[0m  [1m[32mINSERT INTO "cats" ("birthdate", "color", "name", "sex", "description", "created_at", "updated_at") VALUES ($1, $2, $3, $4, $5, $6, $7) RETURNING "id"[0m  [["birthdate", "2001-01-01"], ["color", "black"], ["name", "whatevs"], ["sex", "M"], ["description", nil], ["created_at", "2022-08-26 18:17:56.915891"], ["updated_at", "2022-08-26 18:17:56.915891"]]
  [1m[36mTRANSACTION (0.6ms)[0m  [1m[35mCOMMIT[0m
Started GET "/" for ::1 at 2022-08-26 15:10:00 -0400
  [1m[36mActiveRecord::SchemaMigration Pluck (0.5ms)[0m  [1m[34mSELECT "schema_migrations"."version" FROM "schema_migrations" ORDER BY "schema_migrations"."version" ASC[0m

SyntaxError - syntax error, unexpected end-of-input, expecting `end':
  app/controllers/cats_controller.rb:41:in `'

Started GET "/" for ::1 at 2022-08-26 15:10:26 -0400

SyntaxError - syntax error, unexpected end-of-input, expecting `end':
  app/controllers/cats_controller.rb:43:in `'

Started GET "/" for ::1 at 2022-08-26 15:10:50 -0400

Zeitwerk::NameError - expected file /Users/benschwartz/Desktop/classwork_folder/W6D5/ninety-nine-cats/app/controllers/cats_controller.rb to define constant CatsController, but didn't
      raise Zeitwerk::NameError.new("expected file #{file} to define constant #{cpath}, but didn't", cref.last)
      ^^^^^:

  [1m[36mCat Load (1.6ms)[0m  [1m[34mSELECT "cats".* FROM "cats"[0m
Started GET "/1" for ::1 at 2022-08-26 15:11:56 -0400
  [1m[36mActiveRecord::SchemaMigration Pluck (0.5ms)[0m  [1m[34mSELECT "schema_migrations"."version" FROM "schema_migrations" ORDER BY "schema_migrations"."version" ASC[0m
  
ActionController::RoutingError (No route matches [GET] "/1"):
  
Started GET "/1" for ::1 at 2022-08-26 15:11:57 -0400
  
ActionController::RoutingError (No route matches [GET] "/1"):
  
Started GET "/cats/1" for ::1 at 2022-08-26 15:12:19 -0400

Zeitwerk::NameError - expected file /Users/benschwartz/Desktop/classwork_folder/W6D5/ninety-nine-cats/app/controllers/cats_controller.rb to define constant CatsController, but didn't
      raise Zeitwerk::NameError.new("expected file #{file} to define constant #{cpath}, but didn't", cref.last)
      ^^^^^:

Started GET "/cats/1" for ::1 at 2022-08-26 15:13:09 -0400

AbstractController::ActionNotFound - The action 'show' could not be found for CatsController:

Started GET "/cats/1" for ::1 at 2022-08-26 15:13:33 -0400
Processing by CatsController#show as */*
  Parameters: {"id"=>"1"}
  [1m[36mCat Load (0.3ms)[0m  [1m[34mSELECT "cats".* FROM "cats" WHERE "cats"."id" = $1 LIMIT $2[0m  [["id", 1], ["LIMIT", 1]]
  ↳ app/controllers/cats_controller.rb:33:in `show'
Completed 500 Internal Server Error in 20ms (ActiveRecord: 3.7ms | Allocations: 11653)



ActionView::MissingTemplate - Missing template cats/show, application/show with {:locale=>[:en], :formats=>[:html, :text, :js, :css, :ics, :csv, :vcf, :vtt, :png, :jpeg, :gif, :bmp, :tiff, :svg, :mpeg, :mp3, :ogg, :m4a, :webm, :mp4, :otf, :ttf, :woff, :woff2, :xml, :rss, :atom, :yaml, :multipart_form, :url_encoded_form, :json, :pdf, :zip, :gzip], :variants=>[], :handlers=>[:raw, :erb, :html, :builder, :ruby]}.
Searched in:
  * "/Users/benschwartz/Desktop/classwork_folder/W6D5/ninety-nine-cats/app/views"
Did you mean?  layouts/cats/show
               layouts/cats/index
               layouts/application:
  app/controllers/cats_controller.rb:34:in `show'

Started GET "/cats/1" for ::1 at 2022-08-26 15:14:25 -0400
Processing by CatsController#show as */*
  Parameters: {"id"=>"1"}
  [1m[36mCat Load (0.4ms)[0m  [1m[34mSELECT "cats".* FROM "cats" WHERE "cats"."id" = $1 LIMIT $2[0m  [["id", 1], ["LIMIT", 1]]
  ↳ app/controllers/cats_controller.rb:33:in `show'
Completed 500 Internal Server Error in 15ms (ActiveRecord: 2.4ms | Allocations: 5598)



ActionView::MissingTemplate - Missing template cats/show, application/show with {:locale=>[:en], :formats=>[:html, :text, :js, :css, :ics, :csv, :vcf, :vtt, :png, :jpeg, :gif, :bmp, :tiff, :svg, :mpeg, :mp3, :ogg, :m4a, :webm, :mp4, :otf, :ttf, :woff, :woff2, :xml, :rss, :atom, :yaml, :multipart_form, :url_encoded_form, :json, :pdf, :zip, :gzip], :variants=>[], :handlers=>[:raw, :erb, :html, :builder, :ruby]}.
Searched in:
  * "/Users/benschwartz/Desktop/classwork_folder/W6D5/ninety-nine-cats/app/views"
Did you mean?  layouts/cats/show
               layouts/cats/index
               layouts/application:
  app/controllers/cats_controller.rb:34:in `show'

Started GET "/cats/1" for ::1 at 2022-08-26 15:16:35 -0400
Processing by CatsController#show as */*
  Parameters: {"id"=>"1"}
  [1m[36mCat Load (0.2ms)[0m  [1m[34mSELECT "cats".* FROM "cats" WHERE "cats"."id" = $1 LIMIT $2[0m  [["id", 1], ["LIMIT", 1]]
  ↳ app/controllers/cats_controller.rb:33:in `show'
  Rendering layout layouts/application.html.erb
  Rendering layouts/cats/show.html.erb within layouts/application
  Rendered layouts/cats/show.html.erb within layouts/application (Duration: 0.4ms | Allocations: 255)
  Rendered layout layouts/application.html.erb (Duration: 15.0ms | Allocations: 6602)
Completed 200 OK in 24ms (Views: 16.8ms | ActiveRecord: 2.2ms | Allocations: 11779)


Started GET "/cats/1" for ::1 at 2022-08-26 15:16:51 -0400
Processing by CatsController#show as */*
  Parameters: {"id"=>"1"}
  [1m[36mCat Load (0.3ms)[0m  [1m[34mSELECT "cats".* FROM "cats" WHERE "cats"."id" = $1 LIMIT $2[0m  [["id", 1], ["LIMIT", 1]]
  ↳ app/controllers/cats_controller.rb:33:in `show'
Completed 500 Internal Server Error in 11ms (ActiveRecord: 3.5ms | Allocations: 5599)



ActionView::MissingTemplate - Missing template .cats/show with {:locale=>[:en], :formats=>[:html, :text, :js, :css, :ics, :csv, :vcf, :vtt, :png, :jpeg, :gif, :bmp, :tiff, :svg, :mpeg, :mp3, :ogg, :m4a, :webm, :mp4, :otf, :ttf, :woff, :woff2, :xml, :rss, :atom, :yaml, :multipart_form, :url_encoded_form, :json, :pdf, :zip, :gzip], :variants=>[], :handlers=>[:raw, :erb, :html, :builder, :ruby]}.
Searched in:
  * "/Users/benschwartz/Desktop/classwork_folder/W6D5/ninety-nine-cats/app/views"
Did you mean?  layouts/cats/show
               layouts/application
               layouts/cats/index:
  app/controllers/cats_controller.rb:34:in `show'

Started GET "/cats/1" for ::1 at 2022-08-26 15:17:08 -0400
Processing by CatsController#show as */*
  Parameters: {"id"=>"1"}
  [1m[36mCat Load (0.1ms)[0m  [1m[34mSELECT "cats".* FROM "cats" WHERE "cats"."id" = $1 LIMIT $2[0m  [["id", 1], ["LIMIT", 1]]
  ↳ app/controllers/cats_controller.rb:33:in `show'
  Rendering layout layouts/application.html.erb
  Rendering layouts/cats/show.html.erb within layouts/application
  Rendered layouts/cats/show.html.erb within layouts/application (Duration: 0.2ms | Allocations: 58)
  Rendered layout layouts/application.html.erb (Duration: 3.6ms | Allocations: 1470)
Completed 200 OK in 14ms (Views: 4.7ms | ActiveRecord: 2.3ms | Allocations: 6399)


Started GET "/cats/1" for ::1 at 2022-08-26 15:19:29 -0400
Processing by CatsController#show as */*
  Parameters: {"id"=>"1"}
  [1m[36mCat Load (0.6ms)[0m  [1m[34mSELECT "cats".* FROM "cats" WHERE "cats"."id" = $1 LIMIT $2[0m  [["id", 1], ["LIMIT", 1]]
  ↳ app/controllers/cats_controller.rb:33:in `show'
  Rendering layout layouts/application.html.erb
  Rendering layouts/cats/show.html.erb within layouts/application
  Rendered layouts/cats/show.html.erb within layouts/application (Duration: 1.2ms | Allocations: 292)
  Rendered layout layouts/application.html.erb (Duration: 3.8ms | Allocations: 1815)
Completed 200 OK in 9ms (Views: 5.7ms | ActiveRecord: 0.6ms | Allocations: 3187)


Started GET "/" for ::1 at 2022-08-26 15:19:49 -0400
Processing by CatsController#index as */*
Completed 500 Internal Server Error in 2ms (ActiveRecord: 0.0ms | Allocations: 1060)



ActionView::MissingTemplate - Missing template cats/index, application/index with {:locale=>[:en], :formats=>[:html, :text, :js, :css, :ics, :csv, :vcf, :vtt, :png, :jpeg, :gif, :bmp, :tiff, :svg, :mpeg, :mp3, :ogg, :m4a, :webm, :mp4, :otf, :ttf, :woff, :woff2, :xml, :rss, :atom, :yaml, :multipart_form, :url_encoded_form, :json, :pdf, :zip, :gzip], :variants=>[], :handlers=>[:raw, :erb, :html, :builder, :ruby]}.
Searched in:
  * "/Users/benschwartz/Desktop/classwork_folder/W6D5/ninety-nine-cats/app/views"
Did you mean?  layouts/cats/index
               layouts/application
               layouts/cats/show:
  app/controllers/cats_controller.rb:4:in `index'

Started GET "/" for ::1 at 2022-08-26 15:30:37 -0400
  [1m[36mActiveRecord::SchemaMigration Pluck (0.4ms)[0m  [1m[34mSELECT "schema_migrations"."version" FROM "schema_migrations" ORDER BY "schema_migrations"."version" ASC[0m
Processing by CatsController#index as */*
Completed 500 Internal Server Error in 8ms (ActiveRecord: 0.0ms | Allocations: 4097)



ActionView::MissingTemplate - Missing template cats/index, application/index with {:locale=>[:en], :formats=>[:html, :text, :js, :css, :ics, :csv, :vcf, :vtt, :png, :jpeg, :gif, :bmp, :tiff, :svg, :mpeg, :mp3, :ogg, :m4a, :webm, :mp4, :otf, :ttf, :woff, :woff2, :xml, :rss, :atom, :yaml, :multipart_form, :url_encoded_form, :json, :pdf, :zip, :gzip], :variants=>[], :handlers=>[:raw, :erb, :html, :builder, :ruby]}.
Searched in:
  * "/Users/benschwartz/Desktop/classwork_folder/W6D5/ninety-nine-cats/app/views"
Did you mean?  layouts/cats/index
               layouts/application
               layouts/cats/show:
  app/controllers/cats_controller.rb:4:in `index'

Started GET "/" for ::1 at 2022-08-26 15:31:10 -0400
Processing by CatsController#index as */*
  Rendering layout layouts/application.html.erb
  Rendering cats/index.html.erb within layouts/application
  [1m[36mCat Load (0.5ms)[0m  [1m[34mSELECT "cats".* FROM "cats"[0m
  ↳ app/views/cats/index.html.erb:3
  Rendered cats/index.html.erb within layouts/application (Duration: 25.7ms | Allocations: 9757)
  Rendered layout layouts/application.html.erb (Duration: 26.0ms | Allocations: 9868)
Completed 500 Internal Server Error in 32ms (ActiveRecord: 11.9ms | Allocations: 11145)



NoMethodError - undefined method `id' for nil:NilClass:
  app/views/cats/index.html.erb:6
  app/views/cats/index.html.erb:3
  app/controllers/cats_controller.rb:4:in `index'

Started GET "/" for ::1 at 2022-08-26 15:32:16 -0400
Processing by CatsController#index as */*
  Rendering layout layouts/application.html.erb
  Rendering cats/index.html.erb within layouts/application
  [1m[36mCat Load (0.3ms)[0m  [1m[34mSELECT "cats".* FROM "cats"[0m
  ↳ app/views/cats/index.html.erb:3
  Rendered cats/index.html.erb within layouts/application (Duration: 2.9ms | Allocations: 1040)
  Rendered layout layouts/application.html.erb (Duration: 14.8ms | Allocations: 4525)
Completed 200 OK in 17ms (Views: 16.7ms | ActiveRecord: 0.3ms | Allocations: 5365)


Started GET "/" for ::1 at 2022-08-26 15:32:51 -0400
Processing by CatsController#index as */*
  Rendering layout layouts/application.html.erb
  Rendering cats/index.html.erb within layouts/application
  [1m[36mCat Load (8.8ms)[0m  [1m[34mSELECT "cats".* FROM "cats"[0m
  ↳ app/views/cats/index.html.erb:3
  Rendered cats/index.html.erb within layouts/application (Duration: 12.8ms | Allocations: 967)
  Rendered layout layouts/application.html.erb (Duration: 16.5ms | Allocations: 2490)
Completed 200 OK in 19ms (Views: 9.9ms | ActiveRecord: 8.8ms | Allocations: 3282)


Started GET "/" for ::1 at 2022-08-26 15:33:09 -0400
Processing by CatsController#index as */*
  Rendering layout layouts/application.html.erb
  Rendering cats/index.html.erb within layouts/application
  [1m[36mCat Load (0.7ms)[0m  [1m[34mSELECT "cats".* FROM "cats"[0m
  ↳ app/views/cats/index.html.erb:3
  Rendered cats/index.html.erb within layouts/application (Duration: 5.6ms | Allocations: 975)
  Rendered layout layouts/application.html.erb (Duration: 19.0ms | Allocations: 2485)
Completed 200 OK in 21ms (Views: 19.8ms | ActiveRecord: 0.7ms | Allocations: 3288)


Started GET "/" for ::1 at 2022-08-26 15:33:17 -0400
Processing by CatsController#index as */*
  Rendering layout layouts/application.html.erb
  Rendering cats/index.html.erb within layouts/application
  [1m[36mCat Load (0.9ms)[0m  [1m[34mSELECT "cats".* FROM "cats"[0m
  ↳ app/views/cats/index.html.erb:3
  Rendered cats/index.html.erb within layouts/application (Duration: 3.8ms | Allocations: 640)
  Rendered layout layouts/application.html.erb (Duration: 5.7ms | Allocations: 1780)
Completed 200 OK in 6ms (Views: 5.3ms | ActiveRecord: 0.9ms | Allocations: 2021)


Started GET "/cats/1" for ::1 at 2022-08-26 15:33:33 -0400
Processing by CatsController#show as */*
  Parameters: {"id"=>"1"}
  [1m[36mCat Load (4.7ms)[0m  [1m[34mSELECT "cats".* FROM "cats" WHERE "cats"."id" = $1 LIMIT $2[0m  [["id", 1], ["LIMIT", 1]]
  ↳ app/controllers/cats_controller.rb:8:in `show'
  Rendering layout layouts/application.html.erb
  Rendering cats/show.html.erb within layouts/application
  Rendered cats/show.html.erb within layouts/application (Duration: 1.4ms | Allocations: 301)
  Rendered layout layouts/application.html.erb (Duration: 3.9ms | Allocations: 1588)
Completed 200 OK in 26ms (Views: 5.2ms | ActiveRecord: 5.4ms | Allocations: 5400)


Started GET "/" for ::1 at 2022-08-26 15:33:41 -0400
Processing by CatsController#index as */*
  Rendering layout layouts/application.html.erb
  Rendering cats/index.html.erb within layouts/application
  [1m[36mCat Load (0.2ms)[0m  [1m[34mSELECT "cats".* FROM "cats"[0m
  ↳ app/views/cats/index.html.erb:3
  Rendered cats/index.html.erb within layouts/application (Duration: 1.9ms | Allocations: 662)
  Rendered layout layouts/application.html.erb (Duration: 4.2ms | Allocations: 1795)
Completed 200 OK in 5ms (Views: 4.3ms | ActiveRecord: 0.2ms | Allocations: 2022)


Started GET "/" for ::1 at 2022-08-26 15:34:24 -0400
Processing by CatsController#index as */*
  Rendering layout layouts/application.html.erb
  Rendering cats/index.html.erb within layouts/application
  [1m[36mCat Load (0.5ms)[0m  [1m[34mSELECT "cats".* FROM "cats"[0m
  ↳ app/views/cats/index.html.erb:3
  Rendered cats/index.html.erb within layouts/application (Duration: 1.9ms | Allocations: 887)
  Rendered layout layouts/application.html.erb (Duration: 4.4ms | Allocations: 2405)
Completed 200 OK in 6ms (Views: 5.3ms | ActiveRecord: 0.5ms | Allocations: 3175)


Started GET "/" for ::1 at 2022-08-26 15:34:39 -0400
Processing by CatsController#index as */*
  Rendering layout layouts/application.html.erb
  Rendering cats/index.html.erb within layouts/application
  [1m[36mCat Load (0.4ms)[0m  [1m[34mSELECT "cats".* FROM "cats"[0m
  ↳ app/views/cats/index.html.erb:3
  Rendered cats/index.html.erb within layouts/application (Duration: 3.7ms | Allocations: 964)
  Rendered layout layouts/application.html.erb (Duration: 5.8ms | Allocations: 2484)
Completed 200 OK in 7ms (Views: 6.8ms | ActiveRecord: 0.4ms | Allocations: 3276)


Started GET "/" for ::1 at 2022-08-26 15:35:05 -0400
Processing by CatsController#index as */*
  Rendering layout layouts/application.html.erb
  Rendering cats/index.html.erb within layouts/application
  [1m[36mCat Load (0.2ms)[0m  [1m[34mSELECT "cats".* FROM "cats"[0m
  ↳ app/views/cats/index.html.erb:3
  Rendered cats/index.html.erb within layouts/application (Duration: 1.7ms | Allocations: 640)
  Rendered layout layouts/application.html.erb (Duration: 3.6ms | Allocations: 1777)
Completed 200 OK in 4ms (Views: 3.8ms | ActiveRecord: 0.2ms | Allocations: 2018)


Started GET "/" for ::1 at 2022-08-26 15:35:16 -0400
Processing by CatsController#index as HTML
  Rendering layout layouts/application.html.erb
  Rendering cats/index.html.erb within layouts/application
  [1m[36mCat Load (0.4ms)[0m  [1m[34mSELECT "cats".* FROM "cats"[0m
  ↳ app/views/cats/index.html.erb:3
  Rendered cats/index.html.erb within layouts/application (Duration: 49.9ms | Allocations: 640)
  Rendered layout layouts/application.html.erb (Duration: 52.4ms | Allocations: 1725)
Completed 200 OK in 53ms (Views: 52.5ms | ActiveRecord: 0.4ms | Allocations: 1937)


Started GET "/cats/1" for ::1 at 2022-08-26 15:35:18 -0400
Processing by CatsController#show as HTML
  Parameters: {"id"=>"1"}
  [1m[36mCat Load (0.3ms)[0m  [1m[34mSELECT "cats".* FROM "cats" WHERE "cats"."id" = $1 LIMIT $2[0m  [["id", 1], ["LIMIT", 1]]
  ↳ app/controllers/cats_controller.rb:8:in `show'
  Rendering layout layouts/application.html.erb
  Rendering cats/show.html.erb within layouts/application
  Rendered cats/show.html.erb within layouts/application (Duration: 0.7ms | Allocations: 241)
  Rendered layout layouts/application.html.erb (Duration: 4.2ms | Allocations: 1375)
Completed 200 OK in 7ms (Views: 5.3ms | ActiveRecord: 0.3ms | Allocations: 2168)


Started GET "/cats/new" for ::1 at 2022-08-26 15:45:50 -0400
  [1m[36mActiveRecord::SchemaMigration Pluck (0.5ms)[0m  [1m[34mSELECT "schema_migrations"."version" FROM "schema_migrations" ORDER BY "schema_migrations"."version" ASC[0m
Processing by CatsController#new as */*
  Rendering layout layouts/application.html.erb
  Rendering cats/new.html.erb within layouts/application
  Rendered cats/new.html.erb within layouts/application (Duration: 0.7ms | Allocations: 370)
  Rendered layout layouts/application.html.erb (Duration: 7.8ms | Allocations: 3893)
Completed 200 OK in 22ms (Views: 12.3ms | ActiveRecord: 2.9ms | Allocations: 12214)


Started GET "/cats/new" for ::1 at 2022-08-26 16:12:03 -0400
Processing by CatsController#new as */*
  Rendering layout layouts/application.html.erb
  Rendering cats/new.html.erb within layouts/application
  Rendered cats/new.html.erb within layouts/application (Duration: 2.6ms | Allocations: 2458)
  Rendered layout layouts/application.html.erb (Duration: 2.8ms | Allocations: 2563)
Completed 500 Internal Server Error in 5ms (Allocations: 3372)



ActionView::SyntaxErrorInTemplate - Encountered a syntax error while rendering template: check <form>
<label for="name">Cat's Name</label><br>
<input type="text" name="name" id="name" value ="Your cat's name here!">>
<br>
<label for="sex">Cat Sex</label><br>
<input type="radio" id="M"  value="M" name="sex">
<input type="radio" id="F"  value="F" name="sex">
<br>
<%= CAT_COLORS.each do |color| %>
<select id="colors" name ="colors">
  <%# <option value='select a color'> %>
  <option value=<%= color %>><%= color %></option>
</select>
</form>:
  app/controllers/cats_controller.rb:4:in `new'

Started GET "/cats/new" for ::1 at 2022-08-26 16:12:30 -0400
Processing by CatsController#new as */*
  Rendering layout layouts/application.html.erb
  Rendering cats/new.html.erb within layouts/application
  Rendered cats/new.html.erb within layouts/application (Duration: 1.1ms | Allocations: 1681)
  Rendered layout layouts/application.html.erb (Duration: 1.2ms | Allocations: 1776)
Completed 500 Internal Server Error in 3ms (Allocations: 2556)



ActionView::SyntaxErrorInTemplate - Encountered a syntax error while rendering template: check <form>
<label for="name">Cat's Name</label><br>
<input type="text" name="name" id="name" value ="Your cat's name here!">>
<br>
<label for="sex">Cat Sex</label><br>
<input type="radio" id="M"  value="M" name="sex">
<input type="radio" id="F"  value="F" name="sex">
<br>
<% CAT_COLORS.each do |color| %>
<select id="colors" name ="colors">
  <%# <option value='select a color'> %>
  <option value=<% color %>><%= color %></option>
</select>
</form>:
  app/controllers/cats_controller.rb:4:in `new'

Started GET "/cats/new" for ::1 at 2022-08-26 16:12:51 -0400
Processing by CatsController#new as */*
  Rendering layout layouts/application.html.erb
  Rendering cats/new.html.erb within layouts/application
  Rendered cats/new.html.erb within layouts/application (Duration: 1.2ms | Allocations: 1633)
  Rendered layout layouts/application.html.erb (Duration: 1.4ms | Allocations: 1723)
Completed 500 Internal Server Error in 2ms (Allocations: 1960)



ActionView::SyntaxErrorInTemplate - Encountered a syntax error while rendering template: check <form>
<label for="name">Cat's Name</label><br>
<input type="text" name="name" id="name" value ="Your cat's name here!">>
<br>
<label for="sex">Cat Sex</label><br>
<input type="radio" id="M"  value="M" name="sex">
<input type="radio" id="F"  value="F" name="sex">
<br>
<% CAT_COLORS.each do |color| %>
<select id="colors" name ="colors">
  <%# <option value='select a color'> %>
  <option value=<% color %>><%= color %></option>
</select>
</form>:
  app/controllers/cats_controller.rb:4:in `new'

Started GET "/cats/new" for ::1 at 2022-08-26 16:12:52 -0400
Processing by CatsController#new as */*
  Rendering layout layouts/application.html.erb
  Rendering cats/new.html.erb within layouts/application
  Rendered cats/new.html.erb within layouts/application (Duration: 1.4ms | Allocations: 1636)
  Rendered layout layouts/application.html.erb (Duration: 1.7ms | Allocations: 1726)
Completed 500 Internal Server Error in 2ms (Allocations: 1936)



ActionView::SyntaxErrorInTemplate - Encountered a syntax error while rendering template: check <form>
<label for="name">Cat's Name</label><br>
<input type="text" name="name" id="name" value ="Your cat's name here!">>
<br>
<label for="sex">Cat Sex</label><br>
<input type="radio" id="M"  value="M" name="sex">
<input type="radio" id="F"  value="F" name="sex">
<br>
<% CAT_COLORS.each do |color| %>
<select id="colors" name ="colors">
  <%# <option value='select a color'> %>
  <option value=<% color %>><%= color %></option>
</select>
</form>:
  app/controllers/cats_controller.rb:4:in `new'

Started GET "/cats/new" for ::1 at 2022-08-26 16:13:39 -0400
Processing by CatsController#new as */*
  Rendering layout layouts/application.html.erb
  Rendering cats/new.html.erb within layouts/application
  Rendered cats/new.html.erb within layouts/application (Duration: 1.2ms | Allocations: 1683)
  Rendered layout layouts/application.html.erb (Duration: 1.4ms | Allocations: 1779)
Completed 500 Internal Server Error in 3ms (Allocations: 2540)



ActionView::SyntaxErrorInTemplate - Encountered a syntax error while rendering template: check <form>
<label for="name">Cat's Name</label><br>
<input type="text" name="name" id="name" value ="Your cat's name here!">>
<br>
<label for="sex">Cat Sex</label><br>
<input type="radio" id="M"  value="M" name="sex">
<input type="radio" id="F"  value="F" name="sex">
<br>
<%= CAT_COLORS.each do |color| %>
<select id="colors" name ="colors">
  <%# <option value='select a color'> %>
  <option value=<% color %>><%= color %></option>
</select>
</form>:
  app/controllers/cats_controller.rb:4:in `new'

Started GET "/cats/new" for ::1 at 2022-08-26 16:14:33 -0400
Processing by CatsController#new as */*
  Rendering layout layouts/application.html.erb
  Rendering cats/new.html.erb within layouts/application
  Rendered cats/new.html.erb within layouts/application (Duration: 6.2ms | Allocations: 5966)
  Rendered layout layouts/application.html.erb (Duration: 6.4ms | Allocations: 6060)
Completed 500 Internal Server Error in 8ms (Allocations: 6842)



NameError - undefined local variable or method `color' for #<ActionView::Base:0x000000000048a8>:
  app/views/cats/new.html.erb:14
  app/controllers/cats_controller.rb:4:in `new'

Started GET "/cats/new" for ::1 at 2022-08-26 16:14:44 -0400
Processing by CatsController#new as */*
  Rendering layout layouts/application.html.erb
  Rendering cats/new.html.erb within layouts/application
  Rendered cats/new.html.erb within layouts/application (Duration: 0.3ms | Allocations: 148)
  Rendered layout layouts/application.html.erb (Duration: 2.8ms | Allocations: 1680)
Completed 200 OK in 5ms (Views: 4.9ms | Allocations: 2481)


Started GET "/cats/new" for ::1 at 2022-08-26 16:15:07 -0400
Processing by CatsController#new as */*
  Rendering layout layouts/application.html.erb
  Rendering cats/new.html.erb within layouts/application
  Rendered cats/new.html.erb within layouts/application (Duration: 0.9ms | Allocations: 1683)
  Rendered layout layouts/application.html.erb (Duration: 1.1ms | Allocations: 1778)
Completed 500 Internal Server Error in 3ms (Allocations: 2557)



ActionView::SyntaxErrorInTemplate - Encountered a syntax error while rendering template: check <form>
<label for="name">Cat's Name</label><br>
<input type="text" name="name" id="name" value ="Your cat's name here!">
<br>
<label for="sex">Cat Sex</label><br>
<input type="radio" id="M"  value="M" name="sex">
<input type="radio" id="F"  value="F" name="sex">
<br>
<% CAT_COLORS.each do |color| %>
<select id="colors" name ="colors">
  <%# <option value='select a color'> %>
  <option value=<% color %>><%= color %></option>
</select>
</form>:
  app/controllers/cats_controller.rb:4:in `new'

Started GET "/cats/new" for ::1 at 2022-08-26 16:15:30 -0400
Processing by CatsController#new as */*
  Rendering layout layouts/application.html.erb
  Rendering cats/new.html.erb within layouts/application
  Rendered cats/new.html.erb within layouts/application (Duration: 2.1ms | Allocations: 1680)
  Rendered layout layouts/application.html.erb (Duration: 2.4ms | Allocations: 1775)
Completed 500 Internal Server Error in 4ms (Allocations: 2553)



ActionView::SyntaxErrorInTemplate - Encountered a syntax error while rendering template: check <form>
<label for="name">Cat's Name</label><br>
<input type="text" name="name" id="name" value ="Your cat's name here!">
<br>
<label for="sex">Cat Sex</label><br>
<input type="radio" id="M"  value="M" name="sex">
<input type="radio" id="F"  value="F" name="sex">
<br>
<select id="colors" name ="colors">
<% CAT_COLORS.each do |color| %>
  <%# <option value='select a color'> %>
  <option value=<% color %>><%= color %></option>
</select>
</form>:
  app/controllers/cats_controller.rb:4:in `new'

Started GET "/cats/new" for ::1 at 2022-08-26 16:15:39 -0400
Processing by CatsController#new as */*
  Rendering layout layouts/application.html.erb
  Rendering cats/new.html.erb within layouts/application
  Rendered cats/new.html.erb within layouts/application (Duration: 0.4ms | Allocations: 150)
  Rendered layout layouts/application.html.erb (Duration: 3.2ms | Allocations: 1664)
Completed 200 OK in 6ms (Views: 5.8ms | Allocations: 2465)


Started GET "/cats/new" for ::1 at 2022-08-26 16:15:51 -0400
Processing by CatsController#new as */*
  Rendering layout layouts/application.html.erb
  Rendering cats/new.html.erb within layouts/application
  Rendered cats/new.html.erb within layouts/application (Duration: 1.1ms | Allocations: 1675)
  Rendered layout layouts/application.html.erb (Duration: 1.3ms | Allocations: 1770)
Completed 500 Internal Server Error in 3ms (Allocations: 2548)



ActionView::SyntaxErrorInTemplate - Encountered a syntax error while rendering template: check <form>
<label for="name">Cat's Name</label><br>
<input type="text" name="name" id="name" value ="Your cat's name here!">
<br>
<label for="sex">Cat Sex</label><br>
<input type="radio" id="M"  value="M" name="sex">
<input type="radio" id="F"  value="F" name="sex">
<br>
<select id="colors" name ="colors">
<% CAT_COLORS.each do |color| %>
  <%# <option value='select a color'> %>
  <option value=<% color %>><%= color %></option>
</select>
</form>:
  app/controllers/cats_controller.rb:4:in `new'

Started GET "/cats/new" for ::1 at 2022-08-26 16:16:26 -0400
Processing by CatsController#new as */*
  Rendering layout layouts/application.html.erb
  Rendering cats/new.html.erb within layouts/application
  Rendered cats/new.html.erb within layouts/application (Duration: 1.1ms | Allocations: 1618)
  Rendered layout layouts/application.html.erb (Duration: 1.3ms | Allocations: 1713)
Completed 500 Internal Server Error in 22ms (ActiveRecord: 7.3ms | Allocations: 8168)



ActionView::SyntaxErrorInTemplate - Encountered a syntax error while rendering template: check <form>
<label for="name">Cat's Name</label><br>
<input type="text" name="name" id="name" value ="Your cat's name here!">
<br>
<label for="sex">Cat Sex</label><br>
<input type="radio" id="M"  value="M" name="sex">
<input type="radio" id="F"  value="F" name="sex">
<br>
<select id="colors" name ="colors">
<% CAT_COLORS.each do |color| %>
  <option value=<% color %>><%= color %></option>
</select>
</form>:
  app/controllers/cats_controller.rb:4:in `new'

Started GET "/cats/new" for ::1 at 2022-08-26 16:16:59 -0400
Processing by CatsController#new as */*
  Rendering layout layouts/application.html.erb
  Rendering cats/new.html.erb within layouts/application
  Rendered cats/new.html.erb within layouts/application (Duration: 0.9ms | Allocations: 1663)
  Rendered layout layouts/application.html.erb (Duration: 1.6ms | Allocations: 1758)
Completed 500 Internal Server Error in 4ms (ActiveRecord: 0.0ms | Allocations: 2543)



ActionView::SyntaxErrorInTemplate - Encountered a syntax error while rendering template: check <form>
<label for="name">Cat's Name</label><br>
<input type="text" name="name" id="name" value ="Your cat's name here!">
<br>
<label for="sex">Cat Sex</label><br>
<input type="radio" id="M"  value="M" name="sex">
<input type="radio" id="F"  value="F" name="sex">
<br>
<select id="colors" name ="colors">
<% CAT_COLORS.each do |color| %>
  <option value= 'color' > <%= color %> </option>
</select>
</form>:
  app/controllers/cats_controller.rb:4:in `new'

Started GET "/cats/new" for ::1 at 2022-08-26 16:17:25 -0400
Processing by CatsController#new as */*
  Rendering layout layouts/application.html.erb
  Rendering cats/new.html.erb within layouts/application
  Rendered cats/new.html.erb within layouts/application (Duration: 1.2ms | Allocations: 1653)
  Rendered layout layouts/application.html.erb (Duration: 1.4ms | Allocations: 1748)
Completed 500 Internal Server Error in 3ms (ActiveRecord: 0.0ms | Allocations: 2534)



ActionView::SyntaxErrorInTemplate - Encountered a syntax error while rendering template: check <form>
<label for="name">Cat's Name</label><br>
<input type="text" name="name" id="name" value ="Your cat's name here!">
<br>
<label for="sex">Cat Sex</label><br>
<input type="radio" id="M"  value="M" name="sex">
<input type="radio" id="F"  value="F" name="sex">
<br>
<select id="colors" name ="colors">
<% CAT_COLORS.each do |color| %>
  <option value= "color"> <%= color %> </option>
</select>
</form>:
  app/controllers/cats_controller.rb:4:in `new'

Started GET "/cats/new" for ::1 at 2022-08-26 16:17:50 -0400
Processing by CatsController#new as */*
  Rendering layout layouts/application.html.erb
  Rendering cats/new.html.erb within layouts/application
  Rendered cats/new.html.erb within layouts/application (Duration: 1.3ms | Allocations: 1652)
  Rendered layout layouts/application.html.erb (Duration: 1.5ms | Allocations: 1747)
Completed 500 Internal Server Error in 4ms (ActiveRecord: 0.0ms | Allocations: 2533)



ActionView::SyntaxErrorInTemplate - Encountered a syntax error while rendering template: check <form>
<label for="name">Cat's Name</label><br>
<input type="text" name="name" id="name" value ="Your cat's name here!">
<br>
<label for="sex">Cat Sex</label><br>
<input type="radio" id="M"  value="M" name="sex">
<input type="radio" id="F"  value="F" name="sex">
<br>
<select id="colors" name ="colors">
<% CAT_COLORS.each do |color| %>
  <option> <%= color %> </option>
</select>
</form>:
  app/controllers/cats_controller.rb:4:in `new'

Started GET "/cats/new" for ::1 at 2022-08-26 16:21:50 -0400
Processing by CatsController#new as */*
  Rendering layout layouts/application.html.erb
  Rendering cats/new.html.erb within layouts/application
  Rendered cats/new.html.erb within layouts/application (Duration: 1.5ms | Allocations: 1667)
  Rendered layout layouts/application.html.erb (Duration: 1.8ms | Allocations: 1762)
Completed 500 Internal Server Error in 4ms (ActiveRecord: 0.0ms | Allocations: 2548)



ActionView::SyntaxErrorInTemplate - Encountered a syntax error while rendering template: check <form>
<label for="name">Cat's Name</label><br>
<input type="text" name="name" id="name" value ="Your cat's name here!">
<br>
<label for="sex">Cat Sex</label><br>
<input type="radio" id="M"  value="M" name="sex">
<input type="radio" id="F"  value="F" name="sex">
<br>
<select id="colors" name ="colors">
<% CAT_COLORS.each do |color| %>
  <option value="<% color %>"><%="color"%> </option>
</select>
</form>:
  app/controllers/cats_controller.rb:4:in `new'

Started GET "/cats/new" for ::1 at 2022-08-26 16:22:33 -0400
Processing by CatsController#new as */*
  Rendering layout layouts/application.html.erb
  Rendering cats/new.html.erb within layouts/application
  Rendered cats/new.html.erb within layouts/application (Duration: 3.3ms | Allocations: 5941)
  Rendered layout layouts/application.html.erb (Duration: 3.5ms | Allocations: 6035)
Completed 500 Internal Server Error in 5ms (Allocations: 6812)



NameError - uninitialized constant #<Class:0x000000011051c640>::CAT_COLORS:
  app/views/cats/new.html.erb:14
  app/controllers/cats_controller.rb:4:in `new'

Started GET "/cats/new" for ::1 at 2022-08-26 16:23:03 -0400
Processing by CatsController#new as */*
  Rendering layout layouts/application.html.erb
  Rendering cats/new.html.erb within layouts/application
  Rendered cats/new.html.erb within layouts/application (Duration: 0.6ms | Allocations: 245)
  Rendered layout layouts/application.html.erb (Duration: 4.1ms | Allocations: 1787)
Completed 200 OK in 6ms (Views: 6.1ms | Allocations: 2597)


Started GET "/cats/new" for ::1 at 2022-08-26 16:23:21 -0400
Processing by CatsController#new as */*
  Rendering layout layouts/application.html.erb
  Rendering cats/new.html.erb within layouts/application
  Rendered cats/new.html.erb within layouts/application (Duration: 1.4ms | Allocations: 235)
  Rendered layout layouts/application.html.erb (Duration: 5.5ms | Allocations: 1757)
Completed 200 OK in 8ms (Views: 7.5ms | Allocations: 2557)


Started GET "/cats/new" for ::1 at 2022-08-26 16:23:54 -0400
Processing by CatsController#new as */*
  Rendering layout layouts/application.html.erb
  Rendering cats/new.html.erb within layouts/application
  Rendered cats/new.html.erb within layouts/application (Duration: 0.4ms | Allocations: 240)
  Rendered layout layouts/application.html.erb (Duration: 2.6ms | Allocations: 1756)
Completed 200 OK in 5ms (Views: 4.4ms | Allocations: 2556)


Started GET "/cats/new" for ::1 at 2022-08-26 16:24:13 -0400
Processing by CatsController#new as */*
  Rendering layout layouts/application.html.erb
  Rendering cats/new.html.erb within layouts/application
  Rendered cats/new.html.erb within layouts/application (Duration: 0.5ms | Allocations: 242)
  Rendered layout layouts/application.html.erb (Duration: 2.5ms | Allocations: 1788)
Completed 200 OK in 4ms (Views: 4.2ms | Allocations: 2588)


Started GET "/cats/new" for ::1 at 2022-08-26 16:24:52 -0400
Processing by CatsController#new as */*
  Rendering layout layouts/application.html.erb
  Rendering cats/new.html.erb within layouts/application
  Rendered cats/new.html.erb within layouts/application (Duration: 0.7ms | Allocations: 240)
  Rendered layout layouts/application.html.erb (Duration: 3.0ms | Allocations: 1774)
Completed 200 OK in 5ms (Views: 5.1ms | Allocations: 2574)


Started GET "/cats/new" for ::1 at 2022-08-26 16:25:09 -0400
Processing by CatsController#new as HTML
  Rendering layout layouts/application.html.erb
  Rendering cats/new.html.erb within layouts/application
  Rendered cats/new.html.erb within layouts/application (Duration: 0.1ms | Allocations: 30)
  Rendered layout layouts/application.html.erb (Duration: 16.5ms | Allocations: 1187)
Completed 200 OK in 25ms (Views: 25.0ms | Allocations: 1426)


Started GET "/cats/new" for ::1 at 2022-08-26 16:26:12 -0400
Processing by CatsController#new as */*
  Rendering layout layouts/application.html.erb
  Rendering cats/new.html.erb within layouts/application
  Rendered cats/new.html.erb within layouts/application (Duration: 0.6ms | Allocations: 244)
  Rendered layout layouts/application.html.erb (Duration: 4.3ms | Allocations: 1781)
Completed 200 OK in 7ms (Views: 6.4ms | Allocations: 2557)


Started GET "/cats/new" for ::1 at 2022-08-26 16:26:50 -0400
Processing by CatsController#new as */*
  Rendering layout layouts/application.html.erb
  Rendering cats/new.html.erb within layouts/application
  Rendered cats/new.html.erb within layouts/application (Duration: 0.6ms | Allocations: 241)
  Rendered layout layouts/application.html.erb (Duration: 3.6ms | Allocations: 1751)
Completed 200 OK in 6ms (Views: 5.8ms | Allocations: 2551)


Started GET "/cats/new" for ::1 at 2022-08-26 16:27:01 -0400
Processing by CatsController#new as */*
  Rendering layout layouts/application.html.erb
  Rendering cats/new.html.erb within layouts/application
  Rendered cats/new.html.erb within layouts/application (Duration: 0.4ms | Allocations: 240)
  Rendered layout layouts/application.html.erb (Duration: 2.5ms | Allocations: 1753)
Completed 200 OK in 4ms (Views: 3.7ms | Allocations: 2553)


Started GET "/cats/new" for ::1 at 2022-08-26 16:27:09 -0400
Processing by CatsController#new as */*
  Rendering layout layouts/application.html.erb
  Rendering cats/new.html.erb within layouts/application
  Rendered cats/new.html.erb within layouts/application (Duration: 0.3ms | Allocations: 240)
  Rendered layout layouts/application.html.erb (Duration: 2.9ms | Allocations: 1771)
Completed 200 OK in 4ms (Views: 4.0ms | Allocations: 2571)


Started GET "/cats/new" for ::1 at 2022-08-26 16:27:41 -0400
Processing by CatsController#new as */*
  Rendering layout layouts/application.html.erb
  Rendering cats/new.html.erb within layouts/application
  Rendered cats/new.html.erb within layouts/application (Duration: 0.4ms | Allocations: 240)
  Rendered layout layouts/application.html.erb (Duration: 2.8ms | Allocations: 1768)
Completed 200 OK in 5ms (Views: 4.3ms | Allocations: 2568)


Started GET "/cats/new" for ::1 at 2022-08-26 16:28:16 -0400
Processing by CatsController#new as */*
  Rendering layout layouts/application.html.erb
  Rendering cats/new.html.erb within layouts/application
  Rendered cats/new.html.erb within layouts/application (Duration: 0.6ms | Allocations: 240)
  Rendered layout layouts/application.html.erb (Duration: 3.4ms | Allocations: 1756)
Completed 200 OK in 6ms (Views: 5.6ms | Allocations: 2556)


Started GET "/cats/new" for ::1 at 2022-08-26 16:28:25 -0400
Processing by CatsController#new as */*
  Rendering layout layouts/application.html.erb
  Rendering cats/new.html.erb within layouts/application
  Rendered cats/new.html.erb within layouts/application (Duration: 0.5ms | Allocations: 241)
  Rendered layout layouts/application.html.erb (Duration: 3.6ms | Allocations: 1766)
Completed 200 OK in 6ms (Views: 5.5ms | Allocations: 2567)


Started GET "/cats/new" for ::1 at 2022-08-26 16:30:35 -0400
Processing by CatsController#new as */*
  Rendering layout layouts/application.html.erb
  Rendering cats/new.html.erb within layouts/application
  Rendered cats/new.html.erb within layouts/application (Duration: 0.6ms | Allocations: 265)
  Rendered layout layouts/application.html.erb (Duration: 3.4ms | Allocations: 1787)
Completed 200 OK in 5ms (Views: 5.2ms | Allocations: 2587)


Started GET "/cats/new" for ::1 at 2022-08-26 16:31:29 -0400
Processing by CatsController#new as */*
  Rendering layout layouts/application.html.erb
  Rendering cats/new.html.erb within layouts/application
  Rendered cats/new.html.erb within layouts/application (Duration: 0.7ms | Allocations: 275)
  Rendered layout layouts/application.html.erb (Duration: 3.8ms | Allocations: 1797)
Completed 200 OK in 6ms (Views: 5.9ms | Allocations: 2597)


Started GET "/cats/new" for ::1 at 2022-08-26 16:33:10 -0400
Processing by CatsController#new as */*
  Rendering layout layouts/application.html.erb
  Rendering cats/new.html.erb within layouts/application
  Rendered cats/new.html.erb within layouts/application (Duration: 0.6ms | Allocations: 276)
  Rendered layout layouts/application.html.erb (Duration: 3.4ms | Allocations: 1786)
Completed 200 OK in 5ms (Views: 5.0ms | Allocations: 2586)


Started GET "/cats/new" for ::1 at 2022-08-26 16:33:37 -0400
Processing by CatsController#new as */*
  Rendering layout layouts/application.html.erb
  Rendering cats/new.html.erb within layouts/application
  Rendered cats/new.html.erb within layouts/application (Duration: 0.5ms | Allocations: 281)
  Rendered layout layouts/application.html.erb (Duration: 2.8ms | Allocations: 1806)
Completed 200 OK in 5ms (Views: 4.3ms | Allocations: 2606)


Started GET "/cats/new" for ::1 at 2022-08-26 16:34:19 -0400
Processing by CatsController#new as */*
  Rendering layout layouts/application.html.erb
  Rendering cats/new.html.erb within layouts/application
  Rendered cats/new.html.erb within layouts/application (Duration: 0.5ms | Allocations: 279)
  Rendered layout layouts/application.html.erb (Duration: 3.1ms | Allocations: 1801)
Completed 200 OK in 5ms (Views: 4.7ms | Allocations: 2601)


Started GET "/cats/new" for ::1 at 2022-08-26 16:34:30 -0400
Processing by CatsController#new as */*
  Rendering layout layouts/application.html.erb
  Rendering cats/new.html.erb within layouts/application
  Rendered cats/new.html.erb within layouts/application (Duration: 0.5ms | Allocations: 280)
  Rendered layout layouts/application.html.erb (Duration: 5.2ms | Allocations: 1792)
Completed 200 OK in 7ms (Views: 6.6ms | Allocations: 2593)


Started GET "/cats/new" for ::1 at 2022-08-26 16:34:39 -0400
Processing by CatsController#new as */*
  Rendering layout layouts/application.html.erb
  Rendering cats/new.html.erb within layouts/application
  Rendered cats/new.html.erb within layouts/application (Duration: 0.7ms | Allocations: 284)
  Rendered layout layouts/application.html.erb (Duration: 5.4ms | Allocations: 1794)
Completed 200 OK in 8ms (Views: 7.6ms | Allocations: 2595)


Started GET "/cats/new" for ::1 at 2022-08-26 16:35:27 -0400
Processing by CatsController#new as */*
  Rendering layout layouts/application.html.erb
  Rendering cats/new.html.erb within layouts/application
  Rendered cats/new.html.erb within layouts/application (Duration: 0.6ms | Allocations: 283)
  Rendered layout layouts/application.html.erb (Duration: 3.5ms | Allocations: 1805)
Completed 200 OK in 5ms (Views: 5.1ms | Allocations: 2605)


Started GET "/cats/new" for ::1 at 2022-08-26 16:36:00 -0400
Processing by CatsController#new as */*
  Rendering layout layouts/application.html.erb
  Rendering cats/new.html.erb within layouts/application
  Rendered cats/new.html.erb within layouts/application (Duration: 0.1ms | Allocations: 36)
  Rendered layout layouts/application.html.erb (Duration: 4.0ms | Allocations: 1149)
Completed 200 OK in 5ms (Views: 4.6ms | Allocations: 1395)


Started GET "/cats/new" for ::1 at 2022-08-26 16:40:18 -0400
Processing by CatsController#new as HTML
  Rendering layout layouts/application.html.erb
  Rendering cats/new.html.erb within layouts/application
  Rendered cats/new.html.erb within layouts/application (Duration: 0.4ms | Allocations: 280)
  Rendered layout layouts/application.html.erb (Duration: 2.4ms | Allocations: 1830)
Completed 200 OK in 20ms (Views: 3.7ms | ActiveRecord: 7.7ms | Allocations: 8229)


